

xtandem command: 
C:\Software\SearchGUI\SearchGUI-4.1.1\resources\XTandem\windows\windows_64bit\tandem C:\Software\SearchGUI\SearchGUI-4.1.1\resources\temp\search_engines\xtandem\input_searchGUI.xml 

java.net.ConnectException: Connection timed out: connect
	at java.base/java.net.PlainSocketImpl.connect0(Native Method)
	at java.base/java.net.PlainSocketImpl.socketConnect(PlainSocketImpl.java:101)
	at java.base/java.net.AbstractPlainSocketImpl.doConnect(AbstractPlainSocketImpl.java:399)
	at java.base/java.net.AbstractPlainSocketImpl.connectToAddress(AbstractPlainSocketImpl.java:242)
	at java.base/java.net.AbstractPlainSocketImpl.connect(AbstractPlainSocketImpl.java:224)
	at java.base/java.net.Socket.connect(Socket.java:609)
	at java.base/java.net.Socket.connect(Socket.java:558)
	at java.base/sun.net.NetworkClient.doConnect(NetworkClient.java:182)
	at java.base/sun.net.www.http.HttpClient.openServer(HttpClient.java:474)
	at java.base/sun.net.www.http.HttpClient.openServer(HttpClient.java:569)
	at java.base/sun.net.www.http.HttpClient.<init>(HttpClient.java:242)
	at java.base/sun.net.www.http.HttpClient.New(HttpClient.java:341)
	at java.base/sun.net.www.http.HttpClient.New(HttpClient.java:362)
	at java.base/sun.net.www.protocol.http.HttpURLConnection.getNewHttpClient(HttpURLConnection.java:1253)
	at java.base/sun.net.www.protocol.http.HttpURLConnection.plainConnect0(HttpURLConnection.java:1187)
	at java.base/sun.net.www.protocol.http.HttpURLConnection.plainConnect(HttpURLConnection.java:1081)
	at java.base/sun.net.www.protocol.http.HttpURLConnection.connect(HttpURLConnection.java:1015)
	at java.base/sun.net.www.protocol.http.HttpURLConnection.getInputStream0(HttpURLConnection.java:1592)
	at java.base/sun.net.www.protocol.http.HttpURLConnection.getInputStream(HttpURLConnection.java:1520)
	at java.base/java.net.URL.openStream(URL.java:1140)
	at com.compomics.software.autoupdater.WebDAO.getLatestVersionNumberFromRemoteRepo(WebDAO.java:34)
	at com.compomics.software.autoupdater.WebDAO.newVersionReleased(WebDAO.java:105)
	at com.compomics.software.CompomicsWrapper.checkForNewDeployedVersion(CompomicsWrapper.java:522)
	at eu.isas.searchgui.gui.SearchGUI.checkForNewVersion(SearchGUI.java:8102)
	at eu.isas.searchgui.gui.SearchGUI.<init>(SearchGUI.java:302)
	at eu.isas.searchgui.gui.SearchGUI.main(SearchGUI.java:7250)
java.net.ConnectException: Connection timed out: connect
	at java.base/java.net.PlainSocketImpl.connect0(Native Method)
	at java.base/java.net.PlainSocketImpl.socketConnect(PlainSocketImpl.java:101)
	at java.base/java.net.AbstractPlainSocketImpl.doConnect(AbstractPlainSocketImpl.java:399)
	at java.base/java.net.AbstractPlainSocketImpl.connectToAddress(AbstractPlainSocketImpl.java:242)
	at java.base/java.net.AbstractPlainSocketImpl.connect(AbstractPlainSocketImpl.java:224)
	at java.base/java.net.Socket.connect(Socket.java:609)
	at java.base/java.net.Socket.connect(Socket.java:558)
	at java.base/sun.net.NetworkClient.doConnect(NetworkClient.java:182)
	at java.base/sun.net.www.http.HttpClient.openServer(HttpClient.java:474)
	at java.base/sun.net.www.http.HttpClient.openServer(HttpClient.java:569)
	at java.base/sun.net.www.http.HttpClient.<init>(HttpClient.java:242)
	at java.base/sun.net.www.http.HttpClient.New(HttpClient.java:341)
	at java.base/sun.net.www.http.HttpClient.New(HttpClient.java:362)
	at java.base/sun.net.www.protocol.http.HttpURLConnection.getNewHttpClient(HttpURLConnection.java:1253)
	at java.base/sun.net.www.protocol.http.HttpURLConnection.plainConnect0(HttpURLConnection.java:1187)
	at java.base/sun.net.www.protocol.http.HttpURLConnection.plainConnect(HttpURLConnection.java:1081)
	at java.base/sun.net.www.protocol.http.HttpURLConnection.connect(HttpURLConnection.java:1015)
	at java.base/sun.net.www.protocol.http.HttpURLConnection.getInputStream0(HttpURLConnection.java:1592)
	at java.base/sun.net.www.protocol.http.HttpURLConnection.getInputStream(HttpURLConnection.java:1520)
	at java.base/java.net.URL.openStream(URL.java:1140)
	at com.compomics.software.autoupdater.WebDAO.getLatestVersionNumberFromRemoteRepo(WebDAO.java:34)
	at com.compomics.software.autoupdater.WebDAO.newVersionReleased(WebDAO.java:105)
	at com.compomics.software.CompomicsWrapper.checkForNewDeployedVersion(CompomicsWrapper.java:522)
	at eu.isas.searchgui.gui.SearchGUI.checkForNewVersion(SearchGUI.java:8102)
	at eu.isas.searchgui.gui.SearchGUI.<init>(SearchGUI.java:302)
	at eu.isas.searchgui.gui.SearchGUI.main(SearchGUI.java:7250)
