

Wed Sep 15 10:08:14 CEST 2021: PeptideShaker version 2.2.0.
Memory given to the Java virtual machine: 4294967296.
Total amount of memory in the Java virtual machine: 134217728.
Free memory: 116487168.
Java version: 11.0.10.
1714 script command tokens
(C) 2009 Jmol Development
Jmol Version: 12.0.43  2011-05-03 14:21
java.vendor: OpenLogic
java.version: 11.0.10
os.name: Windows 10
memory: 30.0/161.5
processors available: 4
useCommandThread: false


Mon Nov 22 11:42:24 CET 2021: PeptideShaker version 2.2.0.
Memory given to the Java virtual machine: 4294967296.
Total amount of memory in the Java virtual machine: 134217728.
Free memory: 60624792.
Java version: 11.0.10.
java.net.UnknownHostException: genesis.ugent.be
	at java.base/java.net.AbstractPlainSocketImpl.connect(AbstractPlainSocketImpl.java:220)
	at java.base/java.net.Socket.connect(Socket.java:609)
	at java.base/java.net.Socket.connect(Socket.java:558)
	at java.base/sun.net.NetworkClient.doConnect(NetworkClient.java:182)
	at java.base/sun.net.www.http.HttpClient.openServer(HttpClient.java:474)
	at java.base/sun.net.www.http.HttpClient.openServer(HttpClient.java:569)
	at java.base/sun.net.www.http.HttpClient.<init>(HttpClient.java:242)
	at java.base/sun.net.www.http.HttpClient.New(HttpClient.java:341)
	at java.base/sun.net.www.http.HttpClient.New(HttpClient.java:362)
	at java.base/sun.net.www.protocol.http.HttpURLConnection.getNewHttpClient(HttpURLConnection.java:1253)
	at java.base/sun.net.www.protocol.http.HttpURLConnection.plainConnect0(HttpURLConnection.java:1187)
	at java.base/sun.net.www.protocol.http.HttpURLConnection.plainConnect(HttpURLConnection.java:1081)
	at java.base/sun.net.www.protocol.http.HttpURLConnection.connect(HttpURLConnection.java:1015)
	at java.base/sun.net.www.protocol.http.HttpURLConnection.getInputStream0(HttpURLConnection.java:1592)
	at java.base/sun.net.www.protocol.http.HttpURLConnection.getInputStream(HttpURLConnection.java:1520)
	at java.base/java.net.URL.openStream(URL.java:1140)
	at com.compomics.software.autoupdater.WebDAO.getLatestVersionNumberFromRemoteRepo(WebDAO.java:34)
	at com.compomics.software.autoupdater.WebDAO.newVersionReleased(WebDAO.java:105)
	at com.compomics.software.CompomicsWrapper.checkForNewDeployedVersion(CompomicsWrapper.java:522)
	at eu.isas.peptideshaker.gui.PeptideShakerGUI.checkForNewVersion(PeptideShakerGUI.java:8479)
	at eu.isas.peptideshaker.gui.PeptideShakerGUI.<init>(PeptideShakerGUI.java:627)
	at eu.isas.peptideshaker.gui.PeptideShakerGUI.main(PeptideShakerGUI.java:538)
1714 script command tokens
(C) 2009 Jmol Development
Jmol Version: 12.0.43  2011-05-03 14:21
java.vendor: OpenLogic
java.version: 11.0.10
os.name: Windows 10
memory: 56.6/134.2
processors available: 4
useCommandThread: false


Tue Nov 23 15:17:52 CET 2021: PeptideShaker version 2.2.0.
Memory given to the Java virtual machine: 4294967296.
Total amount of memory in the Java virtual machine: 134217728.
Free memory: 89806336.
Java version: 11.0.10.
java.net.ConnectException: Connection timed out: connect
	at java.base/java.net.PlainSocketImpl.connect0(Native Method)
	at java.base/java.net.PlainSocketImpl.socketConnect(PlainSocketImpl.java:101)
	at java.base/java.net.AbstractPlainSocketImpl.doConnect(AbstractPlainSocketImpl.java:399)
	at java.base/java.net.AbstractPlainSocketImpl.connectToAddress(AbstractPlainSocketImpl.java:242)
	at java.base/java.net.AbstractPlainSocketImpl.connect(AbstractPlainSocketImpl.java:224)
	at java.base/java.net.Socket.connect(Socket.java:609)
	at java.base/java.net.Socket.connect(Socket.java:558)
	at java.base/sun.net.NetworkClient.doConnect(NetworkClient.java:182)
	at java.base/sun.net.www.http.HttpClient.openServer(HttpClient.java:474)
	at java.base/sun.net.www.http.HttpClient.openServer(HttpClient.java:569)
	at java.base/sun.net.www.http.HttpClient.<init>(HttpClient.java:242)
	at java.base/sun.net.www.http.HttpClient.New(HttpClient.java:341)
	at java.base/sun.net.www.http.HttpClient.New(HttpClient.java:362)
	at java.base/sun.net.www.protocol.http.HttpURLConnection.getNewHttpClient(HttpURLConnection.java:1253)
	at java.base/sun.net.www.protocol.http.HttpURLConnection.plainConnect0(HttpURLConnection.java:1187)
	at java.base/sun.net.www.protocol.http.HttpURLConnection.plainConnect(HttpURLConnection.java:1081)
	at java.base/sun.net.www.protocol.http.HttpURLConnection.connect(HttpURLConnection.java:1015)
	at java.base/sun.net.www.protocol.http.HttpURLConnection.getInputStream0(HttpURLConnection.java:1592)
	at java.base/sun.net.www.protocol.http.HttpURLConnection.getInputStream(HttpURLConnection.java:1520)
	at java.base/java.net.URL.openStream(URL.java:1140)
	at com.compomics.software.autoupdater.WebDAO.getLatestVersionNumberFromRemoteRepo(WebDAO.java:34)
	at com.compomics.software.autoupdater.WebDAO.newVersionReleased(WebDAO.java:105)
	at com.compomics.software.CompomicsWrapper.checkForNewDeployedVersion(CompomicsWrapper.java:522)
	at eu.isas.peptideshaker.gui.PeptideShakerGUI.checkForNewVersion(PeptideShakerGUI.java:8479)
	at eu.isas.peptideshaker.gui.PeptideShakerGUI.<init>(PeptideShakerGUI.java:627)
	at eu.isas.peptideshaker.gui.PeptideShakerGUI.main(PeptideShakerGUI.java:538)
1714 script command tokens
(C) 2009 Jmol Development
Jmol Version: 12.0.43  2011-05-03 14:21
java.vendor: OpenLogic
java.version: 11.0.10
os.name: Windows 10
memory: 26.3/177.2
processors available: 4
useCommandThread: false
java.lang.NullPointerException
	at eu.isas.peptideshaker.gui.JumpToPanel$7.lambda$run$3(JumpToPanel.java:549)
	at java.base/java.util.stream.ReferencePipeline$3$1.accept(ReferencePipeline.java:195)
	at java.base/java.util.stream.ReferencePipeline$3$1.accept(ReferencePipeline.java:195)
	at java.base/java.util.Spliterators$ArraySpliterator.tryAdvance(Spliterators.java:958)
	at java.base/java.util.stream.ReferencePipeline.forEachWithCancel(ReferencePipeline.java:127)
	at java.base/java.util.stream.AbstractPipeline.copyIntoWithCancel(AbstractPipeline.java:502)
	at java.base/java.util.stream.AbstractPipeline.copyInto(AbstractPipeline.java:488)
	at java.base/java.util.stream.AbstractPipeline.wrapAndCopyInto(AbstractPipeline.java:474)
	at java.base/java.util.stream.MatchOps$MatchOp.evaluateSequential(MatchOps.java:230)
	at java.base/java.util.stream.MatchOps$MatchOp.evaluateSequential(MatchOps.java:196)
	at java.base/java.util.stream.AbstractPipeline.evaluate(AbstractPipeline.java:234)
	at java.base/java.util.stream.ReferencePipeline.anyMatch(ReferencePipeline.java:528)
	at eu.isas.peptideshaker.gui.JumpToPanel$7.run(JumpToPanel.java:550)
Exception in thread "AWT-EventQueue-0" java.lang.IndexOutOfBoundsException: Index 1 out of bounds for length 0
	at java.base/jdk.internal.util.Preconditions.outOfBounds(Preconditions.java:64)
	at java.base/jdk.internal.util.Preconditions.outOfBoundsCheckIndex(Preconditions.java:70)
	at java.base/jdk.internal.util.Preconditions.checkIndex(Preconditions.java:248)
	at java.base/java.util.Objects.checkIndex(Objects.java:372)
	at java.base/java.util.ArrayList.get(ArrayList.java:459)
	at eu.isas.peptideshaker.gui.JumpToPanel.updateSelectionInTab(JumpToPanel.java:141)
	at eu.isas.peptideshaker.gui.JumpToPanel.nextButtonActionPerformed(JumpToPanel.java:917)
	at eu.isas.peptideshaker.gui.JumpToPanel.access$700(JumpToPanel.java:29)
	at eu.isas.peptideshaker.gui.JumpToPanel$6.actionPerformed(JumpToPanel.java:404)
	at java.desktop/javax.swing.AbstractButton.fireActionPerformed(AbstractButton.java:1967)
	at java.desktop/javax.swing.AbstractButton$Handler.actionPerformed(AbstractButton.java:2308)
	at java.desktop/javax.swing.DefaultButtonModel.fireActionPerformed(DefaultButtonModel.java:405)
	at java.desktop/javax.swing.DefaultButtonModel.setPressed(DefaultButtonModel.java:262)
	at java.desktop/javax.swing.plaf.basic.BasicButtonListener.mouseReleased(BasicButtonListener.java:279)
	at java.desktop/java.awt.AWTEventMulticaster.mouseReleased(AWTEventMulticaster.java:297)
	at java.desktop/java.awt.AWTEventMulticaster.mouseReleased(AWTEventMulticaster.java:297)
	at java.desktop/java.awt.Component.processMouseEvent(Component.java:6635)
	at java.desktop/javax.swing.JComponent.processMouseEvent(JComponent.java:3342)
	at java.desktop/java.awt.Component.processEvent(Component.java:6400)
	at java.desktop/java.awt.Container.processEvent(Container.java:2263)
	at java.desktop/java.awt.Component.dispatchEventImpl(Component.java:5011)
	at java.desktop/java.awt.Container.dispatchEventImpl(Container.java:2321)
	at java.desktop/java.awt.Component.dispatchEvent(Component.java:4843)
	at java.desktop/java.awt.LightweightDispatcher.retargetMouseEvent(Container.java:4918)
	at java.desktop/java.awt.LightweightDispatcher.processMouseEvent(Container.java:4547)
	at java.desktop/java.awt.LightweightDispatcher.dispatchEvent(Container.java:4488)
	at java.desktop/java.awt.Container.dispatchEventImpl(Container.java:2307)
	at java.desktop/java.awt.Window.dispatchEventImpl(Window.java:2772)
	at java.desktop/java.awt.Component.dispatchEvent(Component.java:4843)
	at java.desktop/java.awt.EventQueue.dispatchEventImpl(EventQueue.java:772)
	at java.desktop/java.awt.EventQueue$4.run(EventQueue.java:721)
	at java.desktop/java.awt.EventQueue$4.run(EventQueue.java:715)
	at java.base/java.security.AccessController.doPrivileged(Native Method)
	at java.base/java.security.ProtectionDomain$JavaSecurityAccessImpl.doIntersectionPrivilege(ProtectionDomain.java:85)
	at java.base/java.security.ProtectionDomain$JavaSecurityAccessImpl.doIntersectionPrivilege(ProtectionDomain.java:95)
	at java.desktop/java.awt.EventQueue$5.run(EventQueue.java:745)
	at java.desktop/java.awt.EventQueue$5.run(EventQueue.java:743)
	at java.base/java.security.AccessController.doPrivileged(Native Method)
	at java.base/java.security.ProtectionDomain$JavaSecurityAccessImpl.doIntersectionPrivilege(ProtectionDomain.java:85)
	at java.desktop/java.awt.EventQueue.dispatchEvent(EventQueue.java:742)
	at java.desktop/java.awt.EventDispatchThread.pumpOneEventForFilters(EventDispatchThread.java:203)
	at java.desktop/java.awt.EventDispatchThread.pumpEventsForFilter(EventDispatchThread.java:124)
	at java.desktop/java.awt.EventDispatchThread.pumpEventsForHierarchy(EventDispatchThread.java:113)
	at java.desktop/java.awt.EventDispatchThread.pumpEvents(EventDispatchThread.java:109)
	at java.desktop/java.awt.EventDispatchThread.pumpEvents(EventDispatchThread.java:101)
	at java.desktop/java.awt.EventDispatchThread.run(EventDispatchThread.java:90)


Tue Nov 23 15:48:21 CET 2021: PeptideShaker version 2.2.0.
Memory given to the Java virtual machine: 4294967296.
Total amount of memory in the Java virtual machine: 134217728.
Free memory: 89206272.
Java version: 11.0.10.
java.net.ConnectException: Connection timed out: connect
	at java.base/java.net.PlainSocketImpl.connect0(Native Method)
	at java.base/java.net.PlainSocketImpl.socketConnect(PlainSocketImpl.java:101)
	at java.base/java.net.AbstractPlainSocketImpl.doConnect(AbstractPlainSocketImpl.java:399)
	at java.base/java.net.AbstractPlainSocketImpl.connectToAddress(AbstractPlainSocketImpl.java:242)
	at java.base/java.net.AbstractPlainSocketImpl.connect(AbstractPlainSocketImpl.java:224)
	at java.base/java.net.Socket.connect(Socket.java:609)
	at java.base/java.net.Socket.connect(Socket.java:558)
	at java.base/sun.net.NetworkClient.doConnect(NetworkClient.java:182)
	at java.base/sun.net.www.http.HttpClient.openServer(HttpClient.java:474)
	at java.base/sun.net.www.http.HttpClient.openServer(HttpClient.java:569)
	at java.base/sun.net.www.http.HttpClient.<init>(HttpClient.java:242)
	at java.base/sun.net.www.http.HttpClient.New(HttpClient.java:341)
	at java.base/sun.net.www.http.HttpClient.New(HttpClient.java:362)
	at java.base/sun.net.www.protocol.http.HttpURLConnection.getNewHttpClient(HttpURLConnection.java:1253)
	at java.base/sun.net.www.protocol.http.HttpURLConnection.plainConnect0(HttpURLConnection.java:1187)
	at java.base/sun.net.www.protocol.http.HttpURLConnection.plainConnect(HttpURLConnection.java:1081)
	at java.base/sun.net.www.protocol.http.HttpURLConnection.connect(HttpURLConnection.java:1015)
	at java.base/sun.net.www.protocol.http.HttpURLConnection.getInputStream0(HttpURLConnection.java:1592)
	at java.base/sun.net.www.protocol.http.HttpURLConnection.getInputStream(HttpURLConnection.java:1520)
	at java.base/java.net.URL.openStream(URL.java:1140)
	at com.compomics.software.autoupdater.WebDAO.getLatestVersionNumberFromRemoteRepo(WebDAO.java:34)
	at com.compomics.software.autoupdater.WebDAO.newVersionReleased(WebDAO.java:105)
	at com.compomics.software.CompomicsWrapper.checkForNewDeployedVersion(CompomicsWrapper.java:522)
	at eu.isas.peptideshaker.gui.PeptideShakerGUI.checkForNewVersion(PeptideShakerGUI.java:8479)
	at eu.isas.peptideshaker.gui.PeptideShakerGUI.<init>(PeptideShakerGUI.java:627)
	at eu.isas.peptideshaker.gui.PeptideShakerGUI.main(PeptideShakerGUI.java:538)
1714 script command tokens
(C) 2009 Jmol Development
Jmol Version: 12.0.43  2011-05-03 14:21
java.vendor: OpenLogic
java.version: 11.0.10
os.name: Windows 10
memory: 25.6/162.5
processors available: 4
useCommandThread: false
